-------------------------------------------------------------------------------
Test set: com.suensky.example.AppTest
-------------------------------------------------------------------------------
Tests run: 3, Failures: 1, Errors: 0, Skipped: 0, Time elapsed: 0.023 s <<< FAILURE! - in com.suensky.example.AppTest
testHaveError  Time elapsed: 0.006 s  <<< FAILURE!
org.junit.ComparisonFailure: expected:<[wrong hashing]> but was:<[8d969eef6ecad3c29a3a629280e686cf0c3f5d5a86aff3ca12020c923adc6c92]>
	at com.suensky.example.AppTest.testHaveError(AppTest.java:23)

