<?xml version="1.0" encoding="UTF-8"?>
<testsuite xmlns:xsi="http://www.w3.org/2001/XMLSchema-instance" xsi:noNamespaceSchemaLocation="https://maven.apache.org/surefire/maven-surefire-plugin/xsd/surefire-test-report.xsd" name="com.suensky.example.AppTest" time="0.023" tests="3" errors="0" skipped="0" failures="1">
  <properties>
[...]
</properties>
  <testcase name="testHex" classname="com.suensky.example.AppTest" time="0.012"/>
  <testcase name="testHaveError" classname="com.suensky.example.AppTest" time="0.006">
    <failure message="expected:&lt;[wrong hashing]&gt; but was:&lt;[8d969eef6ecad3c29a3a629280e686cf0c3f5d5a86aff3ca12020c923adc6c92]&gt;" type="org.junit.ComparisonFailure"><![CDATA[org.junit.ComparisonFailure: expected:<[wrong hashing]> but was:<[8d969eef6ecad3c29a3a629280e686cf0c3f5d5a86aff3ca12020c923adc6c92]>
	at com.suensky.example.AppTest.testHaveError(AppTest.java:23)
]]></failure>
  </testcase>
  <testcase name="testLength" classname="com.suensky.example.AppTest" time="0"/>
</testsuite>